
*** Running vivado
    with args -log Robot_Top.vds -m64 -product Vivado -mode batch -messageDb vivado.pb -notrace -source Robot_Top.tcl



****** Vivado v2021.2 (64-bit)
  **** SW Build 3367213 on Tue Oct 19 02:48:09 MDT 2021
  **** IP Build 3369179 on Thu Oct 21 08:25:16 MDT 2021
    ** Copyright 1986-2021 Xilinx, Inc. All Rights Reserved.

source Robot_Top.tcl -notrace
create_project: Time (s): cpu = 00:00:03 ; elapsed = 00:00:07 . Memory (MB): peak = 1566.555 ; gain = 0.000
Command: read_checkpoint -auto_incremental -incremental D:/RTL_Projects/DistanceKeepingRobot/DistanceKeepingRobot.srcs/utils_1/imports/synth_1/Robot_Top.dcp
INFO: [Vivado 12-5825] Read reference checkpoint from D:/RTL_Projects/DistanceKeepingRobot/DistanceKeepingRobot.srcs/utils_1/imports/synth_1/Robot_Top.dcp for incremental synthesis
INFO: [Vivado 12-7989] Please ensure there are no constraint changes
Command: synth_design -top Robot_Top -part xc7s25csga324-1
Starting synth_design
Attempting to get a license for feature 'Synthesis' and/or device 'xc7s25'
INFO: [Common 17-349] Got license for feature 'Synthesis' and/or device 'xc7s25'
INFO: [Device 21-403] Loading part xc7s25csga324-1
WARNING: [Designutils 20-4072] Reference run did not run incremental synthesis because the design is too small; reverting to default synthesis
INFO: [Designutils 20-4379] Flow is switching to default flow due to incremental criteria not met. If you would like to alter this behaviour and have the flow terminate instead, please set the following parameter config_implementation {autoIncr.Synth.RejectBehavior Terminate}
INFO: [Synth 8-7079] Multithreading enabled for synth_design using a maximum of 2 processes.
INFO: [Synth 8-7078] Launching helper process for spawning children vivado processes
INFO: [Synth 8-7075] Helper process launched with PID 20984
---------------------------------------------------------------------------------
Starting RTL Elaboration : Time (s): cpu = 00:00:05 ; elapsed = 00:00:20 . Memory (MB): peak = 1566.555 ; gain = 0.000
---------------------------------------------------------------------------------
INFO: [Synth 8-6157] synthesizing module 'Robot_Top' [D:/RTL_Projects/DistanceKeepingRobot/DistanceKeepingRobot.srcs/sources_1/new/Robot_Top.v:3]
INFO: [Synth 8-6157] synthesizing module 'ControlLogic' [D:/RTL_Projects/DistanceKeepingRobot/DistanceKeepingRobot.srcs/sources_1/new/ControlLogic.v:3]
INFO: [Synth 8-6155] done synthesizing module 'ControlLogic' (1#1) [D:/RTL_Projects/DistanceKeepingRobot/DistanceKeepingRobot.srcs/sources_1/new/ControlLogic.v:3]
INFO: [Synth 8-6157] synthesizing module 'SensorControl' [D:/RTL_Projects/DistanceKeepingRobot/DistanceKeepingRobot.srcs/sources_1/new/SensorControl.v:1]
INFO: [Synth 8-155] case statement is not full and has no default [D:/RTL_Projects/DistanceKeepingRobot/DistanceKeepingRobot.srcs/sources_1/new/SensorControl.v:39]
WARNING: [Synth 8-6014] Unused sequential element ten_us_reg was removed.  [D:/RTL_Projects/DistanceKeepingRobot/DistanceKeepingRobot.srcs/sources_1/new/SensorControl.v:25]
INFO: [Synth 8-6155] done synthesizing module 'SensorControl' (2#1) [D:/RTL_Projects/DistanceKeepingRobot/DistanceKeepingRobot.srcs/sources_1/new/SensorControl.v:1]
WARNING: [Synth 8-7071] port 'State' of module 'SensorControl' is unconnected for instance 'sc0' [D:/RTL_Projects/DistanceKeepingRobot/DistanceKeepingRobot.srcs/sources_1/new/Robot_Top.v:43]
WARNING: [Synth 8-7023] instance 'sc0' of module 'SensorControl' has 7 connections declared, but only 6 given [D:/RTL_Projects/DistanceKeepingRobot/DistanceKeepingRobot.srcs/sources_1/new/Robot_Top.v:43]
INFO: [Synth 8-6157] synthesizing module 'PWMController' [D:/RTL_Projects/DistanceKeepingRobot/DistanceKeepingRobot.srcs/sources_1/new/PWMController.v:4]
INFO: [Synth 8-6155] done synthesizing module 'PWMController' (3#1) [D:/RTL_Projects/DistanceKeepingRobot/DistanceKeepingRobot.srcs/sources_1/new/PWMController.v:4]
WARNING: [Synth 8-7071] port 'State' of module 'SensorControl' is unconnected for instance 'sc1' [D:/RTL_Projects/DistanceKeepingRobot/DistanceKeepingRobot.srcs/sources_1/new/Robot_Top.v:61]
WARNING: [Synth 8-7023] instance 'sc1' of module 'SensorControl' has 7 connections declared, but only 6 given [D:/RTL_Projects/DistanceKeepingRobot/DistanceKeepingRobot.srcs/sources_1/new/Robot_Top.v:61]
WARNING: [Synth 8-7071] port 'State' of module 'SensorControl' is unconnected for instance 'sc2' [D:/RTL_Projects/DistanceKeepingRobot/DistanceKeepingRobot.srcs/sources_1/new/Robot_Top.v:79]
WARNING: [Synth 8-7023] instance 'sc2' of module 'SensorControl' has 7 connections declared, but only 6 given [D:/RTL_Projects/DistanceKeepingRobot/DistanceKeepingRobot.srcs/sources_1/new/Robot_Top.v:79]
WARNING: [Synth 8-7071] port 'State' of module 'SensorControl' is unconnected for instance 'sc3' [D:/RTL_Projects/DistanceKeepingRobot/DistanceKeepingRobot.srcs/sources_1/new/Robot_Top.v:97]
WARNING: [Synth 8-7023] instance 'sc3' of module 'SensorControl' has 7 connections declared, but only 6 given [D:/RTL_Projects/DistanceKeepingRobot/DistanceKeepingRobot.srcs/sources_1/new/Robot_Top.v:97]
INFO: [Synth 8-6155] done synthesizing module 'Robot_Top' (4#1) [D:/RTL_Projects/DistanceKeepingRobot/DistanceKeepingRobot.srcs/sources_1/new/Robot_Top.v:3]
---------------------------------------------------------------------------------
Finished RTL Elaboration : Time (s): cpu = 00:00:07 ; elapsed = 00:00:29 . Memory (MB): peak = 1566.555 ; gain = 0.000
---------------------------------------------------------------------------------
---------------------------------------------------------------------------------
Start Handling Custom Attributes
---------------------------------------------------------------------------------
---------------------------------------------------------------------------------
Finished Handling Custom Attributes : Time (s): cpu = 00:00:07 ; elapsed = 00:00:30 . Memory (MB): peak = 1566.555 ; gain = 0.000
---------------------------------------------------------------------------------
---------------------------------------------------------------------------------
Finished RTL Optimization Phase 1 : Time (s): cpu = 00:00:07 ; elapsed = 00:00:30 . Memory (MB): peak = 1566.555 ; gain = 0.000
---------------------------------------------------------------------------------
Netlist sorting complete. Time (s): cpu = 00:00:00 ; elapsed = 00:00:00.043 . Memory (MB): peak = 1566.555 ; gain = 0.000
INFO: [Project 1-570] Preparing netlist for logic optimization

Processing XDC Constraints
Initializing timing engine
Parsing XDC File [D:/RTL_Projects/DistanceKeepingRobot/DistanceKeepingRobot.srcs/constrs_1/new/Arty-S7-25.xdc]
Finished Parsing XDC File [D:/RTL_Projects/DistanceKeepingRobot/DistanceKeepingRobot.srcs/constrs_1/new/Arty-S7-25.xdc]
INFO: [Project 1-236] Implementation specific constraints were found while reading constraint file [D:/RTL_Projects/DistanceKeepingRobot/DistanceKeepingRobot.srcs/constrs_1/new/Arty-S7-25.xdc]. These constraints will be ignored for synthesis but will be used in implementation. Impacted constraints are listed in the file [.Xil/Robot_Top_propImpl.xdc].
Resolution: To avoid this warning, move constraints listed in [.Xil/Robot_Top_propImpl.xdc] to another XDC file and exclude this new file from synthesis with the used_in_synthesis property (File Properties dialog in GUI) and re-run elaboration/synthesis.
Completed Processing XDC Constraints

Netlist sorting complete. Time (s): cpu = 00:00:00 ; elapsed = 00:00:00.001 . Memory (MB): peak = 1588.363 ; gain = 0.000
INFO: [Project 1-111] Unisim Transformation Summary:
No Unisim elements were transformed.

Constraint Validation Runtime : Time (s): cpu = 00:00:00 ; elapsed = 00:00:00.057 . Memory (MB): peak = 1588.363 ; gain = 0.000
WARNING: [Designutils 20-4072] Reference run did not run incremental synthesis because the design is too small; reverting to default synthesis
INFO: [Designutils 20-4379] Flow is switching to default flow due to incremental criteria not met. If you would like to alter this behaviour and have the flow terminate instead, please set the following parameter config_implementation {autoIncr.Synth.RejectBehavior Terminate}
---------------------------------------------------------------------------------
Finished Constraint Validation : Time (s): cpu = 00:00:22 ; elapsed = 00:00:48 . Memory (MB): peak = 1588.363 ; gain = 21.809
---------------------------------------------------------------------------------
---------------------------------------------------------------------------------
Start Loading Part and Timing Information
---------------------------------------------------------------------------------
Loading part: xc7s25csga324-1
---------------------------------------------------------------------------------
Finished Loading Part and Timing Information : Time (s): cpu = 00:00:22 ; elapsed = 00:00:48 . Memory (MB): peak = 1588.363 ; gain = 21.809
---------------------------------------------------------------------------------
---------------------------------------------------------------------------------
Start Applying 'set_property' XDC Constraints
---------------------------------------------------------------------------------
---------------------------------------------------------------------------------
Finished applying 'set_property' XDC Constraints : Time (s): cpu = 00:00:22 ; elapsed = 00:00:48 . Memory (MB): peak = 1588.363 ; gain = 21.809
---------------------------------------------------------------------------------
---------------------------------------------------------------------------------
Finished RTL Optimization Phase 2 : Time (s): cpu = 00:00:23 ; elapsed = 00:00:49 . Memory (MB): peak = 1588.363 ; gain = 21.809
---------------------------------------------------------------------------------
---------------------------------------------------------------------------------
Start RTL Component Statistics 
---------------------------------------------------------------------------------
Detailed RTL Component Info : 
+---Adders : 
	   2 Input   32 Bit       Adders := 24    
	   2 Input   17 Bit       Adders := 4     
+---Registers : 
	               32 Bit    Registers := 12    
	               17 Bit    Registers := 4     
	                3 Bit    Registers := 4     
	                1 Bit    Registers := 4     
+---Multipliers : 
	              17x32  Multipliers := 4     
+---Muxes : 
	   2 Input   32 Bit        Muxes := 36    
	   4 Input   32 Bit        Muxes := 4     
	   2 Input   17 Bit        Muxes := 4     
	   4 Input    8 Bit        Muxes := 1     
	   2 Input    3 Bit        Muxes := 4     
	   4 Input    3 Bit        Muxes := 4     
	   2 Input    2 Bit        Muxes := 11    
	   2 Input    1 Bit        Muxes := 23    
	   4 Input    1 Bit        Muxes := 16    
---------------------------------------------------------------------------------
Finished RTL Component Statistics 
---------------------------------------------------------------------------------
---------------------------------------------------------------------------------
Start Part Resource Summary
---------------------------------------------------------------------------------
Part Resources:
DSPs: 80 (col length:40)
BRAMs: 90 (col length: RAMB18 40 RAMB36 20)
---------------------------------------------------------------------------------
Finished Part Resource Summary
---------------------------------------------------------------------------------
---------------------------------------------------------------------------------
Start Cross Boundary and Area Optimization
---------------------------------------------------------------------------------
WARNING: [Synth 8-7080] Parallel synthesis criteria is not met
---------------------------------------------------------------------------------
Finished Cross Boundary and Area Optimization : Time (s): cpu = 00:00:30 ; elapsed = 00:00:57 . Memory (MB): peak = 1588.363 ; gain = 21.809
---------------------------------------------------------------------------------
---------------------------------------------------------------------------------
Start Applying XDC Timing Constraints
---------------------------------------------------------------------------------
---------------------------------------------------------------------------------
Finished Applying XDC Timing Constraints : Time (s): cpu = 00:00:36 ; elapsed = 00:01:04 . Memory (MB): peak = 1588.363 ; gain = 21.809
---------------------------------------------------------------------------------
---------------------------------------------------------------------------------
Start Timing Optimization
---------------------------------------------------------------------------------
---------------------------------------------------------------------------------
Finished Timing Optimization : Time (s): cpu = 00:00:37 ; elapsed = 00:01:05 . Memory (MB): peak = 1588.363 ; gain = 21.809
---------------------------------------------------------------------------------
---------------------------------------------------------------------------------
Start Technology Mapping
---------------------------------------------------------------------------------
---------------------------------------------------------------------------------
Finished Technology Mapping : Time (s): cpu = 00:00:39 ; elapsed = 00:01:07 . Memory (MB): peak = 1606.945 ; gain = 40.391
---------------------------------------------------------------------------------
---------------------------------------------------------------------------------
Start IO Insertion
---------------------------------------------------------------------------------
---------------------------------------------------------------------------------
Start Flattening Before IO Insertion
---------------------------------------------------------------------------------
---------------------------------------------------------------------------------
Finished Flattening Before IO Insertion
---------------------------------------------------------------------------------
---------------------------------------------------------------------------------
Start Final Netlist Cleanup
---------------------------------------------------------------------------------
---------------------------------------------------------------------------------
Finished Final Netlist Cleanup
---------------------------------------------------------------------------------
---------------------------------------------------------------------------------
Finished IO Insertion : Time (s): cpu = 00:00:44 ; elapsed = 00:01:12 . Memory (MB): peak = 1620.719 ; gain = 54.164
---------------------------------------------------------------------------------
---------------------------------------------------------------------------------
Start Renaming Generated Instances
---------------------------------------------------------------------------------
---------------------------------------------------------------------------------
Finished Renaming Generated Instances : Time (s): cpu = 00:00:44 ; elapsed = 00:01:12 . Memory (MB): peak = 1620.719 ; gain = 54.164
---------------------------------------------------------------------------------
---------------------------------------------------------------------------------
Start Rebuilding User Hierarchy
---------------------------------------------------------------------------------
---------------------------------------------------------------------------------
Finished Rebuilding User Hierarchy : Time (s): cpu = 00:00:44 ; elapsed = 00:01:13 . Memory (MB): peak = 1620.719 ; gain = 54.164
---------------------------------------------------------------------------------
---------------------------------------------------------------------------------
Start Renaming Generated Ports
---------------------------------------------------------------------------------
---------------------------------------------------------------------------------
Finished Renaming Generated Ports : Time (s): cpu = 00:00:44 ; elapsed = 00:01:13 . Memory (MB): peak = 1620.719 ; gain = 54.164
---------------------------------------------------------------------------------
---------------------------------------------------------------------------------
Start Handling Custom Attributes
---------------------------------------------------------------------------------
---------------------------------------------------------------------------------
Finished Handling Custom Attributes : Time (s): cpu = 00:00:44 ; elapsed = 00:01:13 . Memory (MB): peak = 1620.719 ; gain = 54.164
---------------------------------------------------------------------------------
---------------------------------------------------------------------------------
Start Renaming Generated Nets
---------------------------------------------------------------------------------
---------------------------------------------------------------------------------
Finished Renaming Generated Nets : Time (s): cpu = 00:00:44 ; elapsed = 00:01:13 . Memory (MB): peak = 1620.719 ; gain = 54.164
---------------------------------------------------------------------------------
---------------------------------------------------------------------------------
Start Writing Synthesis Report
---------------------------------------------------------------------------------

Report BlackBoxes: 
+-+--------------+----------+
| |BlackBox name |Instances |
+-+--------------+----------+
+-+--------------+----------+

Report Cell Usage: 
+------+-------+------+
|      |Cell   |Count |
+------+-------+------+
|1     |BUFG   |     1|
|2     |CARRY4 |   332|
|3     |LUT1   |   256|
|4     |LUT2   |    72|
|5     |LUT3   |   404|
|6     |LUT4   |   474|
|7     |LUT5   |   287|
|8     |LUT6   |   626|
|9     |MUXF7  |     1|
|10    |FDRE   |   456|
|11    |IBUF   |     7|
|12    |OBUF   |    13|
+------+-------+------+
---------------------------------------------------------------------------------
Finished Writing Synthesis Report : Time (s): cpu = 00:00:44 ; elapsed = 00:01:13 . Memory (MB): peak = 1620.719 ; gain = 54.164
---------------------------------------------------------------------------------
Synthesis finished with 0 errors, 0 critical warnings and 1 warnings.
Synthesis Optimization Runtime : Time (s): cpu = 00:00:35 ; elapsed = 00:01:09 . Memory (MB): peak = 1620.719 ; gain = 32.355
Synthesis Optimization Complete : Time (s): cpu = 00:00:45 ; elapsed = 00:01:13 . Memory (MB): peak = 1620.719 ; gain = 54.164
INFO: [Project 1-571] Translating synthesized netlist
Netlist sorting complete. Time (s): cpu = 00:00:00 ; elapsed = 00:00:00.047 . Memory (MB): peak = 1632.785 ; gain = 0.000
INFO: [Netlist 29-17] Analyzing 333 Unisim elements for replacement
INFO: [Netlist 29-28] Unisim Transformation completed in 0 CPU seconds
INFO: [Project 1-570] Preparing netlist for logic optimization
INFO: [Opt 31-138] Pushed 0 inverter(s) to 0 load pin(s).
Netlist sorting complete. Time (s): cpu = 00:00:00 ; elapsed = 00:00:00.001 . Memory (MB): peak = 1637.461 ; gain = 0.000
INFO: [Project 1-111] Unisim Transformation Summary:
No Unisim elements were transformed.

Synth Design complete, checksum: 25323fee
INFO: [Common 17-83] Releasing license: Synthesis
28 Infos, 12 Warnings, 0 Critical Warnings and 0 Errors encountered.
synth_design completed successfully
synth_design: Time (s): cpu = 00:00:50 ; elapsed = 00:01:22 . Memory (MB): peak = 1637.461 ; gain = 70.906
INFO: [Common 17-1381] The checkpoint 'D:/RTL_Projects/DistanceKeepingRobot/DistanceKeepingRobot.runs/synth_1/Robot_Top.dcp' has been generated.
INFO: [runtcl-4] Executing : report_utilization -file Robot_Top_utilization_synth.rpt -pb Robot_Top_utilization_synth.pb
INFO: [Common 17-206] Exiting Vivado at Sun Aug 21 01:28:49 2022...
