Copyright 1986-2021 Xilinx, Inc. All Rights Reserved.
-------------------------------------------------------------------------------------------
| Tool Version : Vivado v.2021.2 (win64) Build 3367213 Tue Oct 19 02:48:09 MDT 2021
| Date         : Sun Aug 21 01:30:06 2022
| Host         : DESKTOP-URBAN13 running 64-bit major release  (build 9200)
| Command      : report_incremental_reuse -file Robot_Top_incremental_reuse_pre_placed.rpt
| Design       : Robot_Top
| Device       : xc7s25
| Design State : Optimized
-------------------------------------------------------------------------------------------

Incremental Implementation Information

Table of Contents
-----------------
1. Incremental Flow Summary
2. Reference Checkpoint Information
3. Optimization Comparison With Reference Run
3.1 iphys_opt_replay Optimizations
3.2 QoR Suggestion Optimizations

1. Incremental Flow Summary
---------------------------

+-----------------------+------------------+
|    Flow Information   |       Value      |
+-----------------------+------------------+
| Synthesis Flow        |          Default |
| Auto Incremental      |               No |
| Incremental Directive | RuntimeOptimized |
| Reuse mode            |              Low |
| Target WNS            |              N/A |
| QoR Suggestions       |                0 |
+-----------------------+------------------+


2. Reference Checkpoint Information
-----------------------------------

+----------------+------------------------------------------------------------------------------------------------------+
| DCP Location:  | D:/RTL_Projects/DistanceKeepingRobot/DistanceKeepingRobot.srcs/utils_1/imports/synth_1/Robot_Top.dcp |
+----------------+------------------------------------------------------------------------------------------------------+


+--------------------------------+----------------------------+
|         DCP Information        |            Value           |
+--------------------------------+----------------------------+
| Vivado Version                 |                     2021.2 |
| DCP State                      |                    Unknown |
| Recorded WNS                   |                        N/A |
| Recorded WHS                   |                        N/A |
| Incremental Speed File Version | PRODUCTION 1.23 2018-06-13 |
+--------------------------------+----------------------------+
* Recorded WNS/WHS timing numbers are estimated timing numbers. They may vary slightly from sign-off timing numbers.


3. Optimization Comparison With Reference Run
---------------------------------------------

3.1 iphys_opt_replay Optimizations
----------------------------------

+-------------------------+--------+------------+
| iphys_opt_design replay | Reused | Not Reused |
+-------------------------+--------+------------+


3.2 QoR Suggestion Optimizations
--------------------------------

+-----------------+-------+
| QoR Suggestions | Value |
+-----------------+-------+


