Copyright 1986-2021 Xilinx, Inc. All Rights Reserved.
---------------------------------------------------------------------------------------
| Tool Version : Vivado v.2021.2 (win64) Build 3367213 Tue Oct 19 02:48:09 MDT 2021
| Date         : Sun Aug 21 01:34:09 2022
| Host         : DESKTOP-URBAN13 running 64-bit major release  (build 9200)
| Command      : report_incremental_reuse -file Robot_Top_incremental_reuse_routed.rpt
| Design       : Robot_Top
| Device       : xc7s25
| Design State : Routed
---------------------------------------------------------------------------------------

Incremental Implementation Information

Table of Contents
-----------------
1. Incremental Flow Summary
2. Reuse Summary
3. Reference Checkpoint Information
4. Optimization Comparison With Reference Run
4.1 iphys_opt_replay Optimizations
4.2 QoR Suggestion Optimizations
5. Non Reuse Information

1. Incremental Flow Summary
---------------------------

+-----------------------+------------------+
|    Flow Information   |       Value      |
+-----------------------+------------------+
| Synthesis Flow        |          Default |
| Auto Incremental      |               No |
| Incremental Directive | RuntimeOptimized |
| Reuse mode            |              Low |
| Target WNS            |              N/A |
| QoR Suggestions       |                0 |
+-----------------------+------------------+


2. Reuse Summary
----------------

+-------+------------------------------+------------------------------------+----------------------------+--------------------+-------+
|  Type | Matched % (of Initial Total) | Initial Reuse % (of Initial Total) | Current Reuse % (of Total) | Fixed % (of Total) | Total |
+-------+------------------------------+------------------------------------+----------------------------+--------------------+-------+
| Cells |                       100.00 |                               0.00 |                       0.00 |               0.68 |  2929 |
| Nets  |                       100.00 |                             100.00 |                     100.00 |               0.00 |  2346 |
| Pins  |                            - |                               0.00 |                       0.00 |                  - |     0 |
| Ports |                       100.00 |                               0.00 |                       0.00 |               0.00 |    20 |
+-------+------------------------------+------------------------------------+----------------------------+--------------------+-------+


3. Reference Checkpoint Information
-----------------------------------

+----------------+------------------------------------------------------------------------------------------------------+
| DCP Location:  | D:/RTL_Projects/DistanceKeepingRobot/DistanceKeepingRobot.srcs/utils_1/imports/synth_1/Robot_Top.dcp |
+----------------+------------------------------------------------------------------------------------------------------+


+--------------------------------+----------------------------+
|         DCP Information        |            Value           |
+--------------------------------+----------------------------+
| Vivado Version                 |                     2021.2 |
| DCP State                      |                    Unknown |
| Recorded WNS                   |                        N/A |
| Recorded WHS                   |                        N/A |
| Reference Speed File Version   | PRODUCTION 1.23 2018-06-13 |
| Incremental Speed File Version | PRODUCTION 1.23 2018-06-13 |
+--------------------------------+----------------------------+
* Recorded WNS/WHS timing numbers are estimated timing numbers. They may vary slightly from sign-off timing numbers.


4. Optimization Comparison With Reference Run
---------------------------------------------

4.1 iphys_opt_replay Optimizations
----------------------------------

+-------------------------+--------+------------+
| iphys_opt_design replay | Reused | Not Reused |
+-------------------------+--------+------------+


4.2 QoR Suggestion Optimizations
--------------------------------

+-----------------+-------+
| QoR Suggestions | Value |
+-----------------+-------+


5. Non Reuse Information
------------------------

+-----------------------+--------+
|          Type         |    %   |
+-----------------------+--------+
| Non-Reused Cells      | 100.00 |
|   New                 | 100.00 |
| Partially reused nets |   0.00 |
| Non-Reused nets       |   0.00 |
| Non-Reused Ports      | 100.00 |
+-----------------------+--------+


